Traceback (most recent call last):
  File "C:\Users\SA-ITS-APSMDINT-LAB\AppData\Local\Programs\Python\Python313\Lib\socket.py", line 849, in create_connection
    sock.connect(sa)
    ~~~~~~~~~~~~^^^^
TimeoutError: timed out

During handling of the above exception, another exception occurred:

Traceback (most recent call last):
  File "\\awsusdmkfsxn01.jnj.com\mdd_tst_omp\OMP_JNJ_MD_ATOM_LAB\OMPartners\development\dispatcher\bin\Automation\PAK\Pre_PAK_Deployment latest_Edge.py", line 48, in <module>
    driver = webdriver.Edge(service=service, options=options)
  File "C:\Users\SA-ITS-APSMDINT-LAB\AppData\Local\Programs\Python\Python313\Lib\site-packages\selenium\webdriver\edge\webdriver.py", line 47, in __init__
    super().__init__(
    ~~~~~~~~~~~~~~~~^
        browser_name=DesiredCapabilities.EDGE["browserName"],
        ^^^^^^^^^^^^^^^^^^^^^^^^^^^^^^^^^^^^^^^^^^^^^^^^^^^^^
    ...<3 lines>...
        keep_alive=keep_alive,
        ^^^^^^^^^^^^^^^^^^^^^^
    )
    ^
  File "C:\Users\SA-ITS-APSMDINT-LAB\AppData\Local\Programs\Python\Python313\Lib\site-packages\selenium\webdriver\chromium\webdriver.py", line 58, in __init__
    self.service.start()
    ~~~~~~~~~~~~~~~~~~^^
  File "C:\Users\SA-ITS-APSMDINT-LAB\AppData\Local\Programs\Python\Python313\Lib\site-packages\selenium\webdriver\common\service.py", line 107, in start
    if self.is_connectable():
       ~~~~~~~~~~~~~~~~~~~^^
  File "C:\Users\SA-ITS-APSMDINT-LAB\AppData\Local\Programs\Python\Python313\Lib\site-packages\selenium\webdriver\common\service.py", line 124, in is_connectable
    return utils.is_connectable(self.port)
           ~~~~~~~~~~~~~~~~~~~~^^^^^^^^^^^
  File "C:\Users\SA-ITS-APSMDINT-LAB\AppData\Local\Programs\Python\Python313\Lib\site-packages\selenium\webdriver\common\utils.py", line 98, in is_connectable
    socket_ = socket.create_connection((host, port), 1)
  File "C:\Users\SA-ITS-APSMDINT-LAB\AppData\Local\Programs\Python\Python313\Lib\socket.py", line 856, in create_connection
    exceptions.clear()  # raise only the last error
